2019-06-12 12:41:29,114 [client]: simulation is started
2019-06-12 12:41:29,114 [client]: simulation is started
2019-06-12 12:41:29,116 [client]: starting connection to('localhost', 10000)
2019-06-12 12:41:29,116 [client]: starting connection to('localhost', 10000)
2019-06-12 12:41:29,117 [client] waiting for connection
2019-06-12 12:41:29,117 [client] waiting for connection
2019-06-12 12:41:29,117 [client]: write sim data
2019-06-12 12:41:29,117 [client]: write sim data
2019-06-12 12:41:29,118 [client] waiting for connection
2019-06-12 12:41:29,118 [client] waiting for connection
2019-06-12 12:41:29,118 [client]: socket blocked
2019-06-12 12:41:29,118 [client]: instruction received:1
2019-06-12 12:41:29,118 [client]: write received instructions to txtfile ...
2019-06-12 12:41:29,119 [client]: reload world
2019-06-12 12:41:29,119 [client]: close selector
2019-06-12 12:41:29,119 [client] reloaded
2019-06-12 12:41:29,121 [client]: socket blocked
2019-06-12 12:41:29,121 [client]: instruction received:1
2019-06-12 12:41:29,121 [client]: write received instructions to txtfile ...
2019-06-12 12:41:29,121 [client]: reload world
2019-06-12 12:41:29,121 [client]: close selector
2019-06-12 12:41:29,122 [client] reloaded
2019-06-12 12:41:31,093 [client]: simulation is started
2019-06-12 12:41:31,093 [client]: simulation is started
2019-06-12 12:41:31,106 [client]: starting connection to('localhost', 10000)
2019-06-12 12:41:31,106 [client]: starting connection to('localhost', 10000)
2019-06-12 12:41:31,109 [client] waiting for connection
2019-06-12 12:41:31,109 [client] waiting for connection
2019-06-12 12:41:31,110 [client]: write sim data
2019-06-12 12:41:31,110 [client]: write sim data
2019-06-12 12:41:31,110 [client] waiting for connection
2019-06-12 12:41:31,110 [client] waiting for connection
2019-06-12 12:41:31,112 [client]: socket blocked
2019-06-12 12:41:31,112 [client]: instruction received:1
2019-06-12 12:41:31,112 [client]: write received instructions to txtfile ...
2019-06-12 12:41:31,113 [client]: reload world
2019-06-12 12:41:31,113 [client]: close selector
2019-06-12 12:41:31,114 [client]: socket blocked
2019-06-12 12:41:31,114 [client] reloaded
2019-06-12 12:41:31,114 [client]: instruction received:1
2019-06-12 12:41:31,114 [client]: write received instructions to txtfile ...
2019-06-12 12:41:31,115 [client]: reload world
2019-06-12 12:41:31,115 [client]: close selector
2019-06-12 12:41:31,116 [client] reloaded
2019-06-12 12:41:33,574 [client]: simulation is started
2019-06-12 12:41:33,574 [client]: simulation is started
2019-06-12 12:41:33,579 [client]: starting connection to('localhost', 10000)
2019-06-12 12:41:33,579 [client]: starting connection to('localhost', 10000)
2019-06-12 12:41:33,580 [client] waiting for connection
2019-06-12 12:41:33,580 [client] waiting for connection
2019-06-12 12:41:33,581 [client]: write sim data
2019-06-12 12:41:33,581 [client]: write sim data
2019-06-12 12:41:33,581 [client] waiting for connection
2019-06-12 12:41:33,581 [client] waiting for connection
2019-06-12 12:41:33,582 [client]: socket blocked
2019-06-12 12:41:33,583 [client]: instruction received:1
2019-06-12 12:41:33,583 [client]: write received instructions to txtfile ...
2019-06-12 12:41:33,583 [client]: reload world
2019-06-12 12:41:33,583 [client]: socket blocked
2019-06-12 12:41:33,584 [client]: instruction received:1
2019-06-12 12:41:33,584 [client]: write received instructions to txtfile ...
2019-06-12 12:41:33,585 [client]: reload world
2019-06-12 12:41:33,585 [client]: close selector
2019-06-12 12:41:33,585 [client]: close selector
2019-06-12 12:41:33,586 [client] reloaded
2019-06-12 12:41:33,586 [client] reloaded
2019-06-12 12:41:35,843 [client]: simulation is started
2019-06-12 12:41:35,843 [client]: simulation is started
2019-06-12 12:41:35,845 [client]: starting connection to('localhost', 10000)
2019-06-12 12:41:35,845 [client]: starting connection to('localhost', 10000)
2019-06-12 12:41:35,846 [client] waiting for connection
2019-06-12 12:41:35,847 [client]: write sim data
2019-06-12 12:41:35,847 [client] waiting for connection
2019-06-12 12:41:35,847 [client]: close selector
2019-06-12 12:41:35,850 [client] waiting for connection
2019-06-12 12:41:35,850 [client]: write sim data
2019-06-12 12:41:35,850 [client] quit simulation 
2019-06-12 12:41:35,850 [client]: close selector
2019-06-12 12:41:35,851 [client] quit
2019-06-12 13:36:52,869 [client]: simulation is started
2019-06-12 13:36:52,869 [client]: simulation is started
2019-06-12 13:36:52,872 [client]: starting connection to('localhost', 10000)
2019-06-12 13:36:52,872 [client]: starting connection to('localhost', 10000)
2019-06-12 13:36:52,872 [client] waiting for connection
2019-06-12 13:36:52,872 [client] waiting for connection
2019-06-12 13:36:52,872 [client]: write sim data
2019-06-12 13:36:52,872 [client]: write sim data
2019-06-12 13:36:52,873 [client] waiting for connection
2019-06-12 13:36:52,873 [client] waiting for connection
2019-06-12 13:36:52,873 [client]: socket blocked
2019-06-12 13:36:52,873 [client]: instruction received:[0, 1]
2019-06-12 13:36:52,873 [client]: write received instructions to txtfile ...
2019-06-12 13:36:52,874 [client]: reload world
2019-06-12 13:36:52,874 [client]: socket blocked
2019-06-12 13:36:52,874 [client]: instruction received:[0, 2]
2019-06-12 13:36:52,874 [client]: write received instructions to txtfile ...
2019-06-12 13:36:52,874 [client]: reload world
2019-06-12 13:36:52,874 [client]: close selector
2019-06-12 13:36:52,875 [client] reloaded
2019-06-12 13:36:52,882 [client]: close selector
2019-06-12 13:36:52,883 [client] reloaded
2019-06-12 13:36:55,590 [client]: simulation is started
2019-06-12 13:36:55,590 [client]: simulation is started
2019-06-12 13:36:55,592 [client]: starting connection to('localhost', 10000)
2019-06-12 13:36:55,593 [client]: starting connection to('localhost', 10000)
2019-06-12 13:36:55,593 [client] waiting for connection
2019-06-12 13:36:55,593 [client] waiting for connection
2019-06-12 13:36:55,594 [client]: write sim data
2019-06-12 13:36:55,594 [client]: write sim data
2019-06-12 13:36:55,594 [client] waiting for connection
2019-06-12 13:36:55,594 [client] waiting for connection
2019-06-12 13:36:55,594 [client]: socket blocked
2019-06-12 13:36:55,594 [client]: instruction received:[0, 3]
2019-06-12 13:36:55,594 [client]: write received instructions to txtfile ...
2019-06-12 13:36:55,595 [client]: reload world
2019-06-12 13:36:55,595 [client]: close selector
2019-06-12 13:36:55,595 [client]: socket blocked
2019-06-12 13:36:55,595 [client]: instruction received:[1, 1]
2019-06-12 13:36:55,595 [client]: write received instructions to txtfile ...
2019-06-12 13:36:55,595 [client] reloaded
2019-06-12 13:36:55,595 [client]: reload world
2019-06-12 13:36:55,595 [client]: close selector
2019-06-12 13:36:55,596 [client] reloaded
2019-06-12 13:36:57,934 [client]: simulation is started
2019-06-12 13:36:57,934 [client]: simulation is started
2019-06-12 13:36:57,943 [client]: starting connection to('localhost', 10000)
2019-06-12 13:36:57,943 [client]: starting connection to('localhost', 10000)
2019-06-12 13:36:57,943 [client] waiting for connection
2019-06-12 13:36:57,943 [client] waiting for connection
2019-06-12 13:36:57,943 [client]: write sim data
2019-06-12 13:36:57,943 [client]: write sim data
2019-06-12 13:36:57,944 [client] waiting for connection
2019-06-12 13:36:57,944 [client] waiting for connection
2019-06-12 13:36:57,944 [client]: socket blocked
2019-06-12 13:36:57,944 [client]: instruction received:[1, 2]
2019-06-12 13:36:57,945 [client]: write received instructions to txtfile ...
2019-06-12 13:36:57,945 [client]: reload world
2019-06-12 13:36:57,945 [client]: socket blocked
2019-06-12 13:36:57,945 [client]: close selector
2019-06-12 13:36:57,945 [client]: instruction received:[1, 3]
2019-06-12 13:36:57,945 [client]: write received instructions to txtfile ...
2019-06-12 13:36:57,945 [client] reloaded
2019-06-12 13:36:57,945 [client]: reload world
2019-06-12 13:36:57,946 [client]: close selector
2019-06-12 13:36:57,947 [client] reloaded
2019-06-12 13:37:00,300 [client]: simulation is started
2019-06-12 13:37:00,300 [client]: simulation is started
2019-06-12 13:37:00,303 [client]: starting connection to('localhost', 10000)
2019-06-12 13:37:00,303 [client]: starting connection to('localhost', 10000)
2019-06-12 13:37:00,305 [client] waiting for connection
2019-06-12 13:37:00,305 [client] waiting for connection
2019-06-12 13:37:00,305 [client]: write sim data
2019-06-12 13:37:00,305 [client]: write sim data
2019-06-12 13:37:00,306 [client] waiting for connection
2019-06-12 13:37:00,306 [client] waiting for connection
2019-06-12 13:37:00,308 [client] quit simulation 
2019-06-12 13:37:00,309 [client]: close selector
2019-06-12 13:37:00,310 [client] quit
2019-06-12 13:37:00,312 [client] quit simulation 
2019-06-12 13:37:00,313 [client]: close selector
2019-06-12 13:37:00,313 [client] quit
2019-06-12 13:38:12,395 [client]: simulation is started
2019-06-12 13:38:12,397 [client]: simulation is started
2019-06-12 13:38:12,400 [client]: starting connection to('localhost', 10000)
2019-06-12 13:38:12,401 [client] waiting for connection
2019-06-12 13:38:12,402 [client]: write sim data
2019-06-12 13:38:12,402 [client]: starting connection to('localhost', 10000)
2019-06-12 13:38:12,404 [client] waiting for connection
2019-06-12 13:38:12,404 [client] waiting for connection
2019-06-12 13:38:12,404 [client]: write sim data
2019-06-12 13:38:12,404 [client] waiting for connection
2019-06-12 13:38:12,405 [client]: instruction received:[0, 1]
2019-06-12 13:38:12,405 [client]: write received instructions to txtfile ...
2019-06-12 13:38:12,405 [client]: socket blocked
2019-06-12 13:38:12,405 [client]: reload world
2019-06-12 13:38:12,405 [client]: instruction received:[0, 2]
2019-06-12 13:38:12,405 [client]: write received instructions to txtfile ...
2019-06-12 13:38:12,406 [client]: reload world
2019-06-12 13:38:12,406 [client]: close selector
2019-06-12 13:38:12,406 [client] reloaded
2019-06-12 13:38:12,410 [client]: close selector
2019-06-12 13:38:12,410 [client] reloaded
2019-06-12 13:38:14,601 [client]: simulation is started
2019-06-12 13:38:14,601 [client]: simulation is started
2019-06-12 13:38:14,604 [client]: starting connection to('localhost', 10000)
2019-06-12 13:38:14,604 [client]: starting connection to('localhost', 10000)
2019-06-12 13:38:14,604 [client] waiting for connection
2019-06-12 13:38:14,604 [client] waiting for connection
2019-06-12 13:38:14,605 [client]: write sim data
2019-06-12 13:38:14,605 [client]: write sim data
2019-06-12 13:38:14,605 [client] waiting for connection
2019-06-12 13:38:14,605 [client] waiting for connection
2019-06-12 13:38:14,605 [client]: socket blocked
2019-06-12 13:38:14,606 [client]: instruction received:[0, 3]
2019-06-12 13:38:14,606 [client]: write received instructions to txtfile ...
2019-06-12 13:38:14,606 [client]: reload world
2019-06-12 13:38:14,606 [client]: socket blocked
2019-06-12 13:38:14,606 [client]: close selector
2019-06-12 13:38:14,606 [client]: instruction received:[1, 1]
2019-06-12 13:38:14,606 [client]: write received instructions to txtfile ...
2019-06-12 13:38:14,606 [client] reloaded
2019-06-12 13:38:14,606 [client]: reload world
2019-06-12 13:38:14,610 [client]: close selector
2019-06-12 13:38:14,610 [client] reloaded
2019-06-12 13:38:16,784 [client]: simulation is started
2019-06-12 13:38:16,784 [client]: simulation is started
2019-06-12 13:38:16,786 [client]: starting connection to('localhost', 10000)
2019-06-12 13:38:16,786 [client]: starting connection to('localhost', 10000)
2019-06-12 13:38:16,787 [client] waiting for connection
2019-06-12 13:38:16,787 [client] waiting for connection
2019-06-12 13:38:16,787 [client]: write sim data
2019-06-12 13:38:16,787 [client]: write sim data
2019-06-12 13:38:16,787 [client] waiting for connection
2019-06-12 13:38:16,787 [client] waiting for connection
2019-06-12 13:38:16,788 [client]: socket blocked
2019-06-12 13:38:16,788 [client]: instruction received:[1, 2]
2019-06-12 13:38:16,788 [client]: write received instructions to txtfile ...
2019-06-12 13:38:16,788 [client]: reload world
2019-06-12 13:38:16,788 [client]: socket blocked
2019-06-12 13:38:16,788 [client]: instruction received:[1, 3]
2019-06-12 13:38:16,788 [client]: write received instructions to txtfile ...
2019-06-12 13:38:16,788 [client]: close selector
2019-06-12 13:38:16,788 [client]: reload world
2019-06-12 13:38:16,788 [client] reloaded
2019-06-12 13:38:16,789 [client]: close selector
2019-06-12 13:38:16,789 [client] reloaded
2019-06-12 13:38:18,948 [client]: simulation is started
2019-06-12 13:38:18,948 [client]: simulation is started
2019-06-12 13:38:18,950 [client]: starting connection to('localhost', 10000)
2019-06-12 13:38:18,950 [client]: starting connection to('localhost', 10000)
2019-06-12 13:38:18,951 [client] waiting for connection
2019-06-12 13:38:18,951 [client] waiting for connection
2019-06-12 13:38:18,951 [client]: write sim data
2019-06-12 13:38:18,951 [client]: write sim data
2019-06-12 13:38:18,951 [client] waiting for connection
2019-06-12 13:38:18,951 [client] waiting for connection
2019-06-12 13:38:18,952 [client] quit simulation 
2019-06-12 13:38:18,952 [client]: close selector
2019-06-12 13:38:18,952 [client] quit
2019-06-12 13:38:18,952 [client] quit simulation 
2019-06-12 13:38:18,956 [client]: close selector
2019-06-12 13:38:18,956 [client] quit
2019-06-12 13:39:42,459 [client]: simulation is started
2019-06-12 13:39:49,955 [client]: simulation is started
2019-06-12 13:39:49,955 [client]: simulation is started
2019-06-12 13:40:13,471 [client]: simulation is started
2019-06-12 13:40:25,438 [client]: simulation is started
2019-06-12 13:41:05,765 [client]: simulation is started
2019-06-12 13:41:05,765 [client]: simulation is started
2019-06-12 13:41:06,058 [client]: starting connection to('localhost', 10002)
2019-06-12 13:41:06,060 [client] waiting for connection
2019-06-12 13:41:06,060 [client]: write sim data
2019-06-12 13:41:06,061 [client] waiting for connection
2019-06-12 13:41:06,063 [client]: starting connection to('localhost', 10002)
2019-06-12 13:41:06,063 [client]: socket blocked
2019-06-12 13:41:06,063 [client]: instruction received:[0, 1]
2019-06-12 13:41:06,063 [client]: write received instructions to txtfile ...
2019-06-12 13:41:06,064 [client]: reload world
2019-06-12 13:41:06,064 [client] waiting for connection
2019-06-12 13:41:06,065 [client]: write sim data
2019-06-12 13:41:06,065 [client] waiting for connection
2019-06-12 13:41:06,066 [client]: close selector
2019-06-12 13:41:06,066 [client] reloaded
2019-06-12 13:41:06,067 [client]: socket blocked
2019-06-12 13:41:06,067 [client]: instruction received:[0, 2]
2019-06-12 13:41:06,068 [client]: write received instructions to txtfile ...
2019-06-12 13:41:06,068 [client]: reload world
2019-06-12 13:41:06,069 [client]: close selector
2019-06-12 13:41:06,070 [client] reloaded
2019-06-12 13:41:08,966 [client]: simulation is started
2019-06-12 13:41:08,966 [client]: simulation is started
2019-06-12 13:41:09,270 [client]: starting connection to('localhost', 10002)
2019-06-12 13:41:09,271 [client] waiting for connection
2019-06-12 13:41:09,272 [client]: write sim data
2019-06-12 13:41:09,272 [client] waiting for connection
2019-06-12 13:41:09,273 [client]: socket blocked
2019-06-12 13:41:09,274 [client]: instruction received:[0, 3]
2019-06-12 13:41:09,274 [client]: write received instructions to txtfile ...
2019-06-12 13:41:09,274 [client]: reload world
2019-06-12 13:41:09,275 [client]: close selector
2019-06-12 13:41:09,276 [client] reloaded
2019-06-12 13:41:09,278 [client]: starting connection to('localhost', 10002)
2019-06-12 13:41:09,279 [client] waiting for connection
2019-06-12 13:41:09,280 [client]: write sim data
2019-06-12 13:41:09,280 [client] waiting for connection
2019-06-12 13:41:09,282 [client]: socket blocked
2019-06-12 13:41:09,282 [client]: instruction received:[1, 1]
2019-06-12 13:41:09,283 [client]: write received instructions to txtfile ...
2019-06-12 13:41:09,283 [client]: reload world
2019-06-12 13:41:09,284 [client]: close selector
2019-06-12 13:41:09,285 [client] reloaded
2019-06-12 13:41:11,694 [client]: simulation is started
2019-06-12 13:41:11,694 [client]: simulation is started
2019-06-12 13:41:11,978 [client]: starting connection to('localhost', 10002)
2019-06-12 13:41:11,979 [client] waiting for connection
2019-06-12 13:41:11,980 [client]: write sim data
2019-06-12 13:41:11,980 [client] waiting for connection
2019-06-12 13:41:11,982 [client]: socket blocked
2019-06-12 13:41:11,982 [client]: instruction received:[1, 2]
2019-06-12 13:41:11,982 [client]: write received instructions to txtfile ...
2019-06-12 13:41:11,983 [client]: starting connection to('localhost', 10002)
2019-06-12 13:41:11,983 [client]: reload world
2019-06-12 13:41:11,984 [client]: close selector
2019-06-12 13:41:11,984 [client] reloaded
2019-06-12 13:41:11,984 [client] waiting for connection
2019-06-12 13:41:11,985 [client]: write sim data
2019-06-12 13:41:11,985 [client] waiting for connection
2019-06-12 13:41:11,988 [client]: socket blocked
2019-06-12 13:41:11,988 [client]: instruction received:[1, 3]
2019-06-12 13:41:11,988 [client]: write received instructions to txtfile ...
2019-06-12 13:41:11,989 [client]: reload world
2019-06-12 13:41:11,994 [client]: close selector
2019-06-12 13:41:11,995 [client] reloaded
2019-06-12 13:41:14,924 [client]: simulation is started
2019-06-12 13:41:14,924 [client]: simulation is started
2019-06-12 13:41:15,227 [client]: starting connection to('localhost', 10002)
2019-06-12 13:41:15,227 [client]: starting connection to('localhost', 10002)
2019-06-12 13:41:15,228 [client] waiting for connection
2019-06-12 13:41:15,228 [client] waiting for connection
2019-06-12 13:41:15,229 [client]: write sim data
2019-06-12 13:41:15,229 [client]: write sim data
2019-06-12 13:41:15,229 [client] waiting for connection
2019-06-12 13:41:15,229 [client] waiting for connection
2019-06-12 13:41:15,231 [client] quit simulation 
2019-06-12 13:41:15,232 [client]: close selector
2019-06-12 13:41:15,232 [client] quit
2019-06-12 13:41:15,238 [client] quit simulation 
2019-06-12 13:41:15,239 [client]: close selector
2019-06-12 13:41:15,240 [client] quit
